{
  "stats": {
    "suites": 1,
    "tests": 4,
    "passes": 1,
    "pending": 0,
    "failures": 3,
    "start": "2023-07-09T21:45:10.248Z",
    "end": "2023-07-09T21:46:06.046Z",
    "duration": 55798,
    "testsRegistered": 12,
    "passPercent": 8.333333333333332,
    "pendingPercent": 0,
    "other": 0,
    "hasOther": false,
    "skipped": 8,
    "hasSkipped": true
  },
  "results": [
    {
      "uuid": "7492bfe3-0a89-4504-b1f5-fe66c4617e82",
      "title": "",
      "fullFile": "/home/ubuntu/demo/features/basic.feature",
      "file": "/features/basic.feature",
      "beforeHooks": [],
      "afterHooks": [],
      "tests": [],
      "suites": [
        {
          "uuid": "18d929e7-70b1-4111-96b4-21bcb107528b",
          "title": "Business rules",
          "fullFile": "/home/ubuntu/demo/features/basic.feature",
          "file": "/features/basic.feature",
          "beforeHooks": [
            {
              "title": "\"before all\" hook: codeceptjs.beforeSuite in \"Business rules\"",
              "fullTitle": "Business rules \"before all\" hook: codeceptjs.beforeSuite in \"Business rules\"",
              "timedOut": false,
              "duration": 219,
              "state": null,
              "speed": null,
              "pass": false,
              "fail": false,
              "pending": false,
              "context": null,
              "code": "scenario.suiteSetup(suite)",
              "err": {},
              "uuid": "4ed7c445-c86a-487e-9623-b5177853e1d8",
              "parentUUID": "18d929e7-70b1-4111-96b4-21bcb107528b",
              "isHook": true,
              "skipped": false
            },
            {
              "title": "\"before each\" hook: codeceptjs.before in \"Business rules\"",
              "fullTitle": "Business rules \"before each\" hook: codeceptjs.before in \"Business rules\"",
              "timedOut": false,
              "duration": 67,
              "state": null,
              "speed": null,
              "pass": false,
              "fail": false,
              "pending": false,
              "context": null,
              "code": "scenario.setup(suite)",
              "err": {},
              "uuid": "b12d6a37-dfda-489f-8981-71674f1aebfc",
              "parentUUID": "18d929e7-70b1-4111-96b4-21bcb107528b",
              "isHook": true,
              "skipped": false
            }
          ],
          "afterHooks": [
            {
              "title": "\"after all\" hook: codeceptjs.afterSuite in \"Business rules\"",
              "fullTitle": "Business rules \"after all\" hook: codeceptjs.afterSuite in \"Business rules\"",
              "timedOut": false,
              "duration": 0,
              "state": null,
              "speed": null,
              "pass": false,
              "fail": false,
              "pending": false,
              "context": null,
              "code": "scenario.suiteTeardown(suite)",
              "err": {},
              "uuid": "66cd1c27-9bce-4488-883d-6d0380f8bee0",
              "parentUUID": "18d929e7-70b1-4111-96b4-21bcb107528b",
              "isHook": true,
              "skipped": false
            },
            {
              "title": "\"after each\" hook: codeceptjs.after in \"Business rules\"",
              "fullTitle": "Business rules \"after each\" hook: codeceptjs.after in \"Business rules\"",
              "timedOut": false,
              "duration": 27,
              "state": null,
              "speed": null,
              "pass": false,
              "fail": false,
              "pending": false,
              "context": null,
              "code": "scenario.teardown(suite)",
              "err": {},
              "uuid": "686fd936-4b1b-46b9-ba7e-f00d1f284db6",
              "parentUUID": "18d929e7-70b1-4111-96b4-21bcb107528b",
              "isHook": true,
              "skipped": false
            }
          ],
          "tests": [
            {
              "title": "Search for keywords {\"keyword\":\"Matt\"} @REQ-1",
              "fullTitle": "Business rules Search for keywords {\"keyword\":\"Matt\"} @REQ-1",
              "timedOut": false,
              "duration": 11486,
              "state": "passed",
              "speed": "slow",
              "pass": true,
              "fail": false,
              "pending": false,
              "context": null,
              "code": "runSteps(addExampleInTable(exampleSteps, current)",
              "err": {},
              "uuid": "376f3337-57dd-4159-a190-09a6672b94a9",
              "parentUUID": "18d929e7-70b1-4111-96b4-21bcb107528b",
              "isHook": false,
              "skipped": false
            },
            {
              "title": "Search for keywords {\"keyword\":\"Myst\"} @REQ-1",
              "fullTitle": "Business rules Search for keywords {\"keyword\":\"Myst\"} @REQ-1",
              "timedOut": false,
              "duration": 14511,
              "state": "failed",
              "speed": null,
              "pass": false,
              "fail": true,
              "pending": false,
              "context": "\"Search_for_e89de932-1283-4440-a83e-3ed6bc48b7b5.failed.png\"",
              "code": "runSteps(addExampleInTable(exampleSteps, current)",
              "err": {
                "message": "AssertionError: expected 'mysticmaddia' to not include 'myst'",
                "estack": "AssertionError: expected 'mysticmaddia' to not include 'myst'\n    at /home/ubuntu/demo/step_definitions/steps.js:21:12\n    at Array.forEach (<anonymous>)\n    at /home/ubuntu/demo/step_definitions/steps.js:20:11\n    at async runSteps (node_modules/codeceptjs/lib/interfaces/gherkin.js:72:9)",
                "diff": null
              },
              "uuid": "e89de932-1283-4440-a83e-3ed6bc48b7b5",
              "parentUUID": "18d929e7-70b1-4111-96b4-21bcb107528b",
              "isHook": false,
              "skipped": false
            },
            {
              "title": "Search for keywords {\"keyword\":\"Ann\"} @REQ-1",
              "fullTitle": "Business rules Search for keywords {\"keyword\":\"Ann\"} @REQ-1",
              "timedOut": false,
              "duration": 14335,
              "state": "failed",
              "speed": null,
              "pass": false,
              "fail": true,
              "pending": false,
              "context": "\"Search_for_93f8bbc5-d93b-4248-aec8-5de7c60a1f78.failed.png\"",
              "code": "runSteps(addExampleInTable(exampleSteps, current)",
              "err": {
                "message": "AssertionError: expected 'Hannasdestiney' to not include 'ann'",
                "estack": "AssertionError: expected 'Hannasdestiney' to not include 'ann'\n    at /home/ubuntu/demo/step_definitions/steps.js:21:12\n    at Array.forEach (<anonymous>)\n    at /home/ubuntu/demo/step_definitions/steps.js:20:11\n    at async runSteps (node_modules/codeceptjs/lib/interfaces/gherkin.js:72:9)",
                "diff": null
              },
              "uuid": "93f8bbc5-d93b-4248-aec8-5de7c60a1f78",
              "parentUUID": "18d929e7-70b1-4111-96b4-21bcb107528b",
              "isHook": false,
              "skipped": false
            },
            {
              "title": "Search for keywords {\"keyword\":\"psy\"} @REQ-1",
              "fullTitle": "Business rules Search for keywords {\"keyword\":\"psy\"} @REQ-1",
              "timedOut": false,
              "duration": 14807,
              "state": "failed",
              "speed": null,
              "pass": false,
              "fail": true,
              "pending": false,
              "context": "\"Search_for_c1c5e001-e913-4732-a048-4fb3f48c4cac.failed.png\"",
              "code": "runSteps(addExampleInTable(exampleSteps, current)",
              "err": {
                "message": "AssertionError: expected 'psychickay' to not include 'psy'",
                "estack": "AssertionError: expected 'psychickay' to not include 'psy'\n    at /home/ubuntu/demo/step_definitions/steps.js:21:12\n    at Array.forEach (<anonymous>)\n    at /home/ubuntu/demo/step_definitions/steps.js:20:11\n    at async runSteps (node_modules/codeceptjs/lib/interfaces/gherkin.js:72:9)",
                "diff": null
              },
              "uuid": "c1c5e001-e913-4732-a048-4fb3f48c4cac",
              "parentUUID": "18d929e7-70b1-4111-96b4-21bcb107528b",
              "isHook": false,
              "skipped": false
            },
            {
              "title": "Search for specific psychic profile {\"profileName\":\"MattWarren\"} @REQ-2",
              "fullTitle": "Business rules Search for specific psychic profile {\"profileName\":\"MattWarren\"} @REQ-2",
              "timedOut": false,
              "duration": 0,
              "state": null,
              "speed": null,
              "pass": false,
              "fail": false,
              "pending": false,
              "context": null,
              "code": "runSteps(addExampleInTable(exampleSteps, current)",
              "err": {},
              "uuid": "39dea8f5-64a4-4077-aec6-11b3d5b9a0f3",
              "parentUUID": "18d929e7-70b1-4111-96b4-21bcb107528b",
              "isHook": false,
              "skipped": true
            },
            {
              "title": "Search for specific psychic profile {\"profileName\":\"MysticMilena\"} @REQ-2",
              "fullTitle": "Business rules Search for specific psychic profile {\"profileName\":\"MysticMilena\"} @REQ-2",
              "timedOut": false,
              "duration": 0,
              "state": null,
              "speed": null,
              "pass": false,
              "fail": false,
              "pending": false,
              "context": null,
              "code": "runSteps(addExampleInTable(exampleSteps, current)",
              "err": {},
              "uuid": "84bb4aaf-335b-4b1d-88b4-f408435d857d",
              "parentUUID": "18d929e7-70b1-4111-96b4-21bcb107528b",
              "isHook": false,
              "skipped": true
            },
            {
              "title": "Search for specific psychic profile {\"profileName\":\"EternalFlame\"} @REQ-2",
              "fullTitle": "Business rules Search for specific psychic profile {\"profileName\":\"EternalFlame\"} @REQ-2",
              "timedOut": false,
              "duration": 0,
              "state": null,
              "speed": null,
              "pass": false,
              "fail": false,
              "pending": false,
              "context": null,
              "code": "runSteps(addExampleInTable(exampleSteps, current)",
              "err": {},
              "uuid": "1ef04ff7-9f47-44cf-8501-2d2561e590dd",
              "parentUUID": "18d929e7-70b1-4111-96b4-21bcb107528b",
              "isHook": false,
              "skipped": true
            },
            {
              "title": "Validate button triggers Sign up overlay {\"buttonName\":\"Get Credits\"} @REQ-3",
              "fullTitle": "Business rules Validate button triggers Sign up overlay {\"buttonName\":\"Get Credits\"} @REQ-3",
              "timedOut": false,
              "duration": 0,
              "state": null,
              "speed": null,
              "pass": false,
              "fail": false,
              "pending": false,
              "context": null,
              "code": "runSteps(addExampleInTable(exampleSteps, current)",
              "err": {},
              "uuid": "866dec31-fe18-414f-8a32-42ae70bbe788",
              "parentUUID": "18d929e7-70b1-4111-96b4-21bcb107528b",
              "isHook": false,
              "skipped": true
            },
            {
              "title": "Validate button triggers Sign up overlay {\"buttonName\":\"Add to favorites\"} @REQ-3",
              "fullTitle": "Business rules Validate button triggers Sign up overlay {\"buttonName\":\"Add to favorites\"} @REQ-3",
              "timedOut": false,
              "duration": 0,
              "state": null,
              "speed": null,
              "pass": false,
              "fail": false,
              "pending": false,
              "context": null,
              "code": "runSteps(addExampleInTable(exampleSteps, current)",
              "err": {},
              "uuid": "cf884b00-1032-4631-9fa3-b842a7baa901",
              "parentUUID": "18d929e7-70b1-4111-96b4-21bcb107528b",
              "isHook": false,
              "skipped": true
            },
            {
              "title": "Validate button triggers Sign up overlay {\"buttonName\":\"Surprise buttons\"} @REQ-3",
              "fullTitle": "Business rules Validate button triggers Sign up overlay {\"buttonName\":\"Surprise buttons\"} @REQ-3",
              "timedOut": false,
              "duration": 0,
              "state": null,
              "speed": null,
              "pass": false,
              "fail": false,
              "pending": false,
              "context": null,
              "code": "runSteps(addExampleInTable(exampleSteps, current)",
              "err": {},
              "uuid": "5105a5e6-55bf-44d6-b151-7046e520763f",
              "parentUUID": "18d929e7-70b1-4111-96b4-21bcb107528b",
              "isHook": false,
              "skipped": true
            },
            {
              "title": "Validate button triggers Sign up overlay {\"buttonName\":\"Call me button\"} @REQ-3",
              "fullTitle": "Business rules Validate button triggers Sign up overlay {\"buttonName\":\"Call me button\"} @REQ-3",
              "timedOut": false,
              "duration": 0,
              "state": null,
              "speed": null,
              "pass": false,
              "fail": false,
              "pending": false,
              "context": null,
              "code": "runSteps(addExampleInTable(exampleSteps, current)",
              "err": {},
              "uuid": "ecceb76b-61dd-4ced-b0de-455e4ea9753d",
              "parentUUID": "18d929e7-70b1-4111-96b4-21bcb107528b",
              "isHook": false,
              "skipped": true
            },
            {
              "title": "Validate button triggers Sign up overlay {\"buttonName\":\"Buy credits button\"} @REQ-3",
              "fullTitle": "Business rules Validate button triggers Sign up overlay {\"buttonName\":\"Buy credits button\"} @REQ-3",
              "timedOut": false,
              "duration": 0,
              "state": null,
              "speed": null,
              "pass": false,
              "fail": false,
              "pending": false,
              "context": null,
              "code": "runSteps(addExampleInTable(exampleSteps, current)",
              "err": {},
              "uuid": "ed9df515-7ed5-4c97-b2ee-be070779973b",
              "parentUUID": "18d929e7-70b1-4111-96b4-21bcb107528b",
              "isHook": false,
              "skipped": true
            }
          ],
          "suites": [],
          "passes": [
            "376f3337-57dd-4159-a190-09a6672b94a9"
          ],
          "failures": [
            "e89de932-1283-4440-a83e-3ed6bc48b7b5",
            "93f8bbc5-d93b-4248-aec8-5de7c60a1f78",
            "c1c5e001-e913-4732-a048-4fb3f48c4cac"
          ],
          "pending": [],
          "skipped": [
            "39dea8f5-64a4-4077-aec6-11b3d5b9a0f3",
            "84bb4aaf-335b-4b1d-88b4-f408435d857d",
            "1ef04ff7-9f47-44cf-8501-2d2561e590dd",
            "866dec31-fe18-414f-8a32-42ae70bbe788",
            "cf884b00-1032-4631-9fa3-b842a7baa901",
            "5105a5e6-55bf-44d6-b151-7046e520763f",
            "ecceb76b-61dd-4ced-b0de-455e4ea9753d",
            "ed9df515-7ed5-4c97-b2ee-be070779973b"
          ],
          "duration": 55139,
          "root": false,
          "rootEmpty": false,
          "_timeout": 0
        }
      ],
      "passes": [],
      "failures": [],
      "pending": [],
      "skipped": [],
      "duration": 0,
      "root": true,
      "rootEmpty": true,
      "_timeout": 0
    }
  ],
  "meta": {
    "mocha": {
      "version": "10.2.0"
    },
    "mochawesome": {
      "options": {
        "quiet": false,
        "reportFilename": "mochawesome",
        "saveHtml": true,
        "saveJson": true,
        "consoleReporter": "spec",
        "useInlineDiffs": false,
        "code": true
      },
      "version": "7.1.3"
    },
    "marge": {
      "options": {},
      "version": "6.2.0"
    }
  }
}