{
  "stats": {
    "suites": 2,
    "tests": 13,
    "passes": 9,
    "pending": 0,
    "failures": 4,
    "start": "2023-07-09T22:19:29.759Z",
    "end": "2023-07-09T22:21:32.788Z",
    "duration": 123029,
    "testsRegistered": 13,
    "passPercent": 69.23076923076923,
    "pendingPercent": 0,
    "other": 0,
    "hasOther": false,
    "skipped": 0,
    "hasSkipped": false
  },
  "results": [
    {
      "uuid": "8c33c9dd-53c8-4fc1-b8d5-323d4cbab98c",
      "title": "",
      "fullFile": "",
      "file": "",
      "beforeHooks": [],
      "afterHooks": [],
      "tests": [],
      "suites": [
        {
          "uuid": "f27fd3bc-887c-45ef-bd51-9b2fda8f022d",
          "title": "Business rules",
          "fullFile": "/home/ubuntu/demo/features/basic.feature",
          "file": "/features/basic.feature",
          "beforeHooks": [
            {
              "title": "\"before all\" hook: codeceptjs.beforeSuite in \"Business rules\"",
              "fullTitle": "Business rules \"before all\" hook: codeceptjs.beforeSuite in \"Business rules\"",
              "timedOut": false,
              "duration": 262,
              "state": null,
              "speed": null,
              "pass": false,
              "fail": false,
              "pending": false,
              "context": null,
              "code": "scenario.suiteSetup(suite)",
              "err": {},
              "uuid": "ca156c7b-b5f0-436d-b259-46818b69e706",
              "parentUUID": "f27fd3bc-887c-45ef-bd51-9b2fda8f022d",
              "isHook": true,
              "skipped": false
            },
            {
              "title": "\"before each\" hook: codeceptjs.before in \"Business rules\"",
              "fullTitle": "Business rules \"before each\" hook: codeceptjs.before in \"Business rules\"",
              "timedOut": false,
              "duration": 75,
              "state": null,
              "speed": null,
              "pass": false,
              "fail": false,
              "pending": false,
              "context": null,
              "code": "scenario.setup(suite)",
              "err": {},
              "uuid": "38d3ce4b-5ebd-4d33-85c8-4883f31ef7f4",
              "parentUUID": "f27fd3bc-887c-45ef-bd51-9b2fda8f022d",
              "isHook": true,
              "skipped": false
            }
          ],
          "afterHooks": [
            {
              "title": "\"after all\" hook: codeceptjs.afterSuite in \"Business rules\"",
              "fullTitle": "Business rules \"after all\" hook: codeceptjs.afterSuite in \"Business rules\"",
              "timedOut": false,
              "duration": 1,
              "state": null,
              "speed": null,
              "pass": false,
              "fail": false,
              "pending": false,
              "context": null,
              "code": "scenario.suiteTeardown(suite)",
              "err": {},
              "uuid": "28b36825-7e38-4198-ba74-0c696c73d9d6",
              "parentUUID": "f27fd3bc-887c-45ef-bd51-9b2fda8f022d",
              "isHook": true,
              "skipped": false
            },
            {
              "title": "\"after each\" hook: codeceptjs.after in \"Business rules\"",
              "fullTitle": "Business rules \"after each\" hook: codeceptjs.after in \"Business rules\"",
              "timedOut": false,
              "duration": 15,
              "state": null,
              "speed": null,
              "pass": false,
              "fail": false,
              "pending": false,
              "context": null,
              "code": "scenario.teardown(suite)",
              "err": {},
              "uuid": "b1e1e620-1b56-4781-8603-13c0155a2c90",
              "parentUUID": "f27fd3bc-887c-45ef-bd51-9b2fda8f022d",
              "isHook": true,
              "skipped": false
            }
          ],
          "tests": [
            {
              "title": "Search for keywords {\"keyword\":\"Matt\"} @REQ-1",
              "fullTitle": "Business rules Search for keywords {\"keyword\":\"Matt\"} @REQ-1",
              "timedOut": false,
              "duration": 11745,
              "state": "passed",
              "speed": "slow",
              "pass": true,
              "fail": false,
              "pending": false,
              "context": null,
              "code": "runSteps(addExampleInTable(exampleSteps, current)",
              "err": {},
              "uuid": "8365e716-0b71-486e-97f5-370e2a8b7068",
              "parentUUID": "f27fd3bc-887c-45ef-bd51-9b2fda8f022d",
              "isHook": false,
              "skipped": false
            },
            {
              "title": "Search for keywords {\"keyword\":\"Myst\"} @REQ-1",
              "fullTitle": "Business rules Search for keywords {\"keyword\":\"Myst\"} @REQ-1",
              "timedOut": false,
              "duration": 14287,
              "state": "failed",
              "speed": null,
              "pass": false,
              "fail": true,
              "pending": false,
              "context": "\"Search_for_ba37465c-056a-4ac6-bc54-c5b89888bfbc.failed.png\"",
              "code": "runSteps(addExampleInTable(exampleSteps, current)",
              "err": {
                "message": "AssertionError: expected 'mysticmaddia' to not include 'myst'",
                "estack": "AssertionError: expected 'mysticmaddia' to not include 'myst'\n    at /home/ubuntu/demo/step_definitions/steps.js:21:12\n    at Array.forEach (<anonymous>)\n    at /home/ubuntu/demo/step_definitions/steps.js:20:11\n    at async runSteps (node_modules/codeceptjs/lib/interfaces/gherkin.js:72:9)",
                "diff": null
              },
              "uuid": "ba37465c-056a-4ac6-bc54-c5b89888bfbc",
              "parentUUID": "f27fd3bc-887c-45ef-bd51-9b2fda8f022d",
              "isHook": false,
              "skipped": false
            },
            {
              "title": "Search for keywords {\"keyword\":\"Ann\"} @REQ-1",
              "fullTitle": "Business rules Search for keywords {\"keyword\":\"Ann\"} @REQ-1",
              "timedOut": false,
              "duration": 14612,
              "state": "failed",
              "speed": null,
              "pass": false,
              "fail": true,
              "pending": false,
              "context": "\"Search_for_61c3ec62-9499-42f8-acaf-d1c57abd581c.failed.png\"",
              "code": "runSteps(addExampleInTable(exampleSteps, current)",
              "err": {
                "message": "AssertionError: expected 'Hannasdestiney' to not include 'ann'",
                "estack": "AssertionError: expected 'Hannasdestiney' to not include 'ann'\n    at /home/ubuntu/demo/step_definitions/steps.js:21:12\n    at Array.forEach (<anonymous>)\n    at /home/ubuntu/demo/step_definitions/steps.js:20:11\n    at async runSteps (node_modules/codeceptjs/lib/interfaces/gherkin.js:72:9)",
                "diff": null
              },
              "uuid": "61c3ec62-9499-42f8-acaf-d1c57abd581c",
              "parentUUID": "f27fd3bc-887c-45ef-bd51-9b2fda8f022d",
              "isHook": false,
              "skipped": false
            },
            {
              "title": "Search for keywords {\"keyword\":\"psy\"} @REQ-1",
              "fullTitle": "Business rules Search for keywords {\"keyword\":\"psy\"} @REQ-1",
              "timedOut": false,
              "duration": 14593,
              "state": "failed",
              "speed": null,
              "pass": false,
              "fail": true,
              "pending": false,
              "context": "\"Search_for_7dd0f2fa-2409-4d07-a898-9284662b7835.failed.png\"",
              "code": "runSteps(addExampleInTable(exampleSteps, current)",
              "err": {
                "message": "AssertionError: expected 'psychickay' to not include 'psy'",
                "estack": "AssertionError: expected 'psychickay' to not include 'psy'\n    at /home/ubuntu/demo/step_definitions/steps.js:21:12\n    at Array.forEach (<anonymous>)\n    at /home/ubuntu/demo/step_definitions/steps.js:20:11\n    at async runSteps (node_modules/codeceptjs/lib/interfaces/gherkin.js:72:9)",
                "diff": null
              },
              "uuid": "7dd0f2fa-2409-4d07-a898-9284662b7835",
              "parentUUID": "f27fd3bc-887c-45ef-bd51-9b2fda8f022d",
              "isHook": false,
              "skipped": false
            },
            {
              "title": "Search for specific psychic profile {\"profileName\":\"MattWarren\"} @REQ-2",
              "fullTitle": "Business rules Search for specific psychic profile {\"profileName\":\"MattWarren\"} @REQ-2",
              "timedOut": false,
              "duration": 10271,
              "state": "passed",
              "speed": "slow",
              "pass": true,
              "fail": false,
              "pending": false,
              "context": null,
              "code": "runSteps(addExampleInTable(exampleSteps, current)",
              "err": {},
              "uuid": "0f51fed8-5281-4b85-a258-60b2078c04bc",
              "parentUUID": "f27fd3bc-887c-45ef-bd51-9b2fda8f022d",
              "isHook": false,
              "skipped": false
            },
            {
              "title": "Search for specific psychic profile {\"profileName\":\"MysticMilena\"} @REQ-2",
              "fullTitle": "Business rules Search for specific psychic profile {\"profileName\":\"MysticMilena\"} @REQ-2",
              "timedOut": false,
              "duration": 10181,
              "state": "passed",
              "speed": "slow",
              "pass": true,
              "fail": false,
              "pending": false,
              "context": null,
              "code": "runSteps(addExampleInTable(exampleSteps, current)",
              "err": {},
              "uuid": "68a84be0-96ca-4a26-b4b5-75b07082b68f",
              "parentUUID": "f27fd3bc-887c-45ef-bd51-9b2fda8f022d",
              "isHook": false,
              "skipped": false
            },
            {
              "title": "Search for specific psychic profile {\"profileName\":\"EternalFlame\"} @REQ-2",
              "fullTitle": "Business rules Search for specific psychic profile {\"profileName\":\"EternalFlame\"} @REQ-2",
              "timedOut": false,
              "duration": 10218,
              "state": "passed",
              "speed": "slow",
              "pass": true,
              "fail": false,
              "pending": false,
              "context": null,
              "code": "runSteps(addExampleInTable(exampleSteps, current)",
              "err": {},
              "uuid": "7847b21b-6c58-4091-9bb2-02f2fb2914fa",
              "parentUUID": "f27fd3bc-887c-45ef-bd51-9b2fda8f022d",
              "isHook": false,
              "skipped": false
            },
            {
              "title": "Validate button triggers Sign up overlay {\"buttonName\":\"Get Credits\"} @REQ-3",
              "fullTitle": "Business rules Validate button triggers Sign up overlay {\"buttonName\":\"Get Credits\"} @REQ-3",
              "timedOut": false,
              "duration": 6187,
              "state": "passed",
              "speed": "slow",
              "pass": true,
              "fail": false,
              "pending": false,
              "context": null,
              "code": "runSteps(addExampleInTable(exampleSteps, current)",
              "err": {},
              "uuid": "9c133099-35d3-44cd-b374-64c1c017da9a",
              "parentUUID": "f27fd3bc-887c-45ef-bd51-9b2fda8f022d",
              "isHook": false,
              "skipped": false
            },
            {
              "title": "Validate button triggers Sign up overlay {\"buttonName\":\"Add to favorites\"} @REQ-3",
              "fullTitle": "Business rules Validate button triggers Sign up overlay {\"buttonName\":\"Add to favorites\"} @REQ-3",
              "timedOut": false,
              "duration": 6321,
              "state": "passed",
              "speed": "slow",
              "pass": true,
              "fail": false,
              "pending": false,
              "context": null,
              "code": "runSteps(addExampleInTable(exampleSteps, current)",
              "err": {},
              "uuid": "3e27148d-eea5-42d2-bd85-441fc2d8dd38",
              "parentUUID": "f27fd3bc-887c-45ef-bd51-9b2fda8f022d",
              "isHook": false,
              "skipped": false
            },
            {
              "title": "Validate button triggers Sign up overlay {\"buttonName\":\"Surprise buttons\"} @REQ-3",
              "fullTitle": "Business rules Validate button triggers Sign up overlay {\"buttonName\":\"Surprise buttons\"} @REQ-3",
              "timedOut": false,
              "duration": 10235,
              "state": "failed",
              "speed": null,
              "pass": false,
              "fail": true,
              "pending": false,
              "context": "\"Validate_b_ca6aab00-e13a-4673-917d-f57c010ce175.failed.png\"",
              "code": "runSteps(addExampleInTable(exampleSteps, current)",
              "err": {
                "message": "Error: Clickable element \".mc_surprise_item.mc_surprise_item--small.mc_surprise_item--selected\" was not found by text|CSS|XPath",
                "estack": "Error: Clickable element \".mc_surprise_item.mc_surprise_item--small.mc_surprise_item--selected\" was not found by text|CSS|XPath\n    at new ElementNotFound (node_modules/codeceptjs/lib/helper/errors/ElementNotFound.js:14:11)\n    at assertElementExists (node_modules/codeceptjs/lib/helper/Playwright.js:2958:11)\n    at Playwright.proceedClick (node_modules/codeceptjs/lib/helper/Playwright.js:2729:5)",
                "diff": null
              },
              "uuid": "ca6aab00-e13a-4673-917d-f57c010ce175",
              "parentUUID": "f27fd3bc-887c-45ef-bd51-9b2fda8f022d",
              "isHook": false,
              "skipped": false
            },
            {
              "title": "Validate button triggers Sign up overlay {\"buttonName\":\"Call me button\"} @REQ-3",
              "fullTitle": "Business rules Validate button triggers Sign up overlay {\"buttonName\":\"Call me button\"} @REQ-3",
              "timedOut": false,
              "duration": 6367,
              "state": "passed",
              "speed": "slow",
              "pass": true,
              "fail": false,
              "pending": false,
              "context": null,
              "code": "runSteps(addExampleInTable(exampleSteps, current)",
              "err": {},
              "uuid": "655b1c72-0dcb-4c96-92e3-333b30201842",
              "parentUUID": "f27fd3bc-887c-45ef-bd51-9b2fda8f022d",
              "isHook": false,
              "skipped": false
            },
            {
              "title": "Validate button triggers Sign up overlay {\"buttonName\":\"Buy credits button\"} @REQ-3",
              "fullTitle": "Business rules Validate button triggers Sign up overlay {\"buttonName\":\"Buy credits button\"} @REQ-3",
              "timedOut": false,
              "duration": 6462,
              "state": "passed",
              "speed": "slow",
              "pass": true,
              "fail": false,
              "pending": false,
              "context": null,
              "code": "runSteps(addExampleInTable(exampleSteps, current)",
              "err": {},
              "uuid": "349137b9-c2ad-4ebe-96c8-6985658e135f",
              "parentUUID": "f27fd3bc-887c-45ef-bd51-9b2fda8f022d",
              "isHook": false,
              "skipped": false
            }
          ],
          "suites": [],
          "passes": [
            "8365e716-0b71-486e-97f5-370e2a8b7068",
            "0f51fed8-5281-4b85-a258-60b2078c04bc",
            "68a84be0-96ca-4a26-b4b5-75b07082b68f",
            "7847b21b-6c58-4091-9bb2-02f2fb2914fa",
            "9c133099-35d3-44cd-b374-64c1c017da9a",
            "3e27148d-eea5-42d2-bd85-441fc2d8dd38",
            "655b1c72-0dcb-4c96-92e3-333b30201842",
            "349137b9-c2ad-4ebe-96c8-6985658e135f"
          ],
          "failures": [
            "ba37465c-056a-4ac6-bc54-c5b89888bfbc",
            "61c3ec62-9499-42f8-acaf-d1c57abd581c",
            "7dd0f2fa-2409-4d07-a898-9284662b7835",
            "ca6aab00-e13a-4673-917d-f57c010ce175"
          ],
          "pending": [],
          "skipped": [],
          "duration": 121479,
          "root": false,
          "rootEmpty": false,
          "_timeout": 0
        },
        {
          "uuid": "0f2f5df1-7dcb-4080-8557-80125257a1df",
          "title": "oranum",
          "fullFile": "/home/ubuntu/demo/oranum_test.js",
          "file": "/oranum_test.js",
          "beforeHooks": [
            {
              "title": "\"before all\" hook: codeceptjs.beforeSuite in \"oranum\"",
              "fullTitle": "oranum \"before all\" hook: codeceptjs.beforeSuite in \"oranum\"",
              "timedOut": false,
              "duration": 1,
              "state": null,
              "speed": null,
              "pass": false,
              "fail": false,
              "pending": false,
              "context": null,
              "code": "scenario.suiteSetup(suite)",
              "err": {},
              "uuid": "1349775e-6788-4a45-bfc6-0b322e0abd1d",
              "parentUUID": "0f2f5df1-7dcb-4080-8557-80125257a1df",
              "isHook": true,
              "skipped": false
            },
            {
              "title": "\"before each\" hook: codeceptjs.before in \"oranum\"",
              "fullTitle": "oranum \"before each\" hook: codeceptjs.before in \"oranum\"",
              "timedOut": false,
              "duration": 70,
              "state": null,
              "speed": null,
              "pass": false,
              "fail": false,
              "pending": false,
              "context": null,
              "code": "scenario.setup(suite)",
              "err": {},
              "uuid": "ca6bace1-8ef9-486e-9158-6ac8f01f90fb",
              "parentUUID": "0f2f5df1-7dcb-4080-8557-80125257a1df",
              "isHook": true,
              "skipped": false
            }
          ],
          "afterHooks": [
            {
              "title": "\"after all\" hook: codeceptjs.afterSuite in \"oranum\"",
              "fullTitle": "oranum \"after all\" hook: codeceptjs.afterSuite in \"oranum\"",
              "timedOut": false,
              "duration": 1,
              "state": null,
              "speed": null,
              "pass": false,
              "fail": false,
              "pending": false,
              "context": null,
              "code": "scenario.suiteTeardown(suite)",
              "err": {},
              "uuid": "2b7651c0-d945-4501-b507-8c50b4935c9d",
              "parentUUID": "0f2f5df1-7dcb-4080-8557-80125257a1df",
              "isHook": true,
              "skipped": false
            },
            {
              "title": "\"after each\" hook: finalize codeceptjs in \"oranum\"",
              "fullTitle": "oranum \"after each\" hook: finalize codeceptjs in \"oranum\"",
              "timedOut": false,
              "duration": 6,
              "state": null,
              "speed": null,
              "pass": false,
              "fail": false,
              "pending": false,
              "context": null,
              "code": "scenario.teardown(suite)",
              "err": {},
              "uuid": "3efee57f-e314-4f7f-b49a-f71921763c09",
              "parentUUID": "0f2f5df1-7dcb-4080-8557-80125257a1df",
              "isHook": true,
              "skipped": false
            }
          ],
          "tests": [
            {
              "title": "test something",
              "fullTitle": "oranum: test something",
              "timedOut": false,
              "duration": 3,
              "state": "passed",
              "speed": "fast",
              "pass": true,
              "fail": false,
              "pending": false,
              "context": null,
              "code": "I }) => {",
              "err": {},
              "uuid": "ff5a1d16-4f53-45eb-a36b-98a81eb63d9b",
              "parentUUID": "0f2f5df1-7dcb-4080-8557-80125257a1df",
              "isHook": false,
              "skipped": false
            }
          ],
          "suites": [],
          "passes": [
            "ff5a1d16-4f53-45eb-a36b-98a81eb63d9b"
          ],
          "failures": [],
          "pending": [],
          "skipped": [],
          "duration": 3,
          "root": false,
          "rootEmpty": false,
          "_timeout": 0
        }
      ],
      "passes": [],
      "failures": [],
      "pending": [],
      "skipped": [],
      "duration": 0,
      "root": true,
      "rootEmpty": true,
      "_timeout": 0
    }
  ],
  "meta": {
    "mocha": {
      "version": "10.2.0"
    },
    "mochawesome": {
      "options": {
        "quiet": false,
        "reportFilename": "mochawesome",
        "saveHtml": true,
        "saveJson": true,
        "consoleReporter": "spec",
        "useInlineDiffs": false,
        "code": true
      },
      "version": "7.1.3"
    },
    "marge": {
      "options": {},
      "version": "6.2.0"
    }
  }
}